0 verbose cli E:\node-v24.16.0-win-x64\node.exe E:\node-v24.16.0-win-x64\node_modules\npm\bin\npm-cli.js
1 info using npm@11.13.0
2 info using node@v24.16.0
3 silly config load:file:E:\node-v24.16.0-win-x64\node_modules\npm\npmrc
4 silly config load:file:D:\my-academic-navigation\.npmrc
5 silly config load:file:C:\Users\13676\.npmrc
6 silly config load:file:E:\node-v24.16.0-win-x64\etc\npmrc
7 verbose title npm exec vercel --version
8 verbose argv "exec" "--" "vercel" "--version"
9 verbose logfile logs-max:10 dir:D:\my-academic-navigation\.npm-cache\_logs\2026-06-20T12_11_13_553Z-
10 verbose logfile D:\my-academic-navigation\.npm-cache\_logs\2026-06-20T12_11_13_553Z-debug-0.log
11 silly logfile done cleaning log files
12 silly packumentCache heap:4496293888 maxSize:1124073472 maxEntrySize:562036736
13 verbose shrinkwrap failed to load node_modules/.package-lock.json out of date, updated: node_modules
14 http fetch GET 200 https://registry.npmjs.org/vercel 14545ms (cache miss)
15 silly packumentCache heap:4496293888 maxSize:1124073472 maxEntrySize:562036736
16 http fetch GET 200 https://registry.npmjs.org/npm 15176ms
17 silly packumentCache heap:4496293888 maxSize:1124073472 maxEntrySize:562036736
18 warn exec The following package was not found and will be installed: vercel@54.14.2
19 silly idealTree buildDeps
20 silly fetch manifest vercel@54.14.2
21 silly packumentCache full:https://registry.npmjs.org/vercel cache-miss
22 http fetch GET 200 https://registry.npmjs.org/vercel 7472ms (cache miss)
23 silly packumentCache full:https://registry.npmjs.org/vercel set size:undefined disposed:false
24 silly placeDep ROOT vercel@54.14.2 OK for:  want: 54.14.2
25 silly fetch manifest @vercel/blob@2.4.0
26 silly packumentCache full:https://registry.npmjs.org/@vercel%2fblob cache-miss
27 silly fetch manifest @vercel/fun@1.3.0
28 silly packumentCache full:https://registry.npmjs.org/@vercel%2ffun cache-miss
29 silly fetch manifest @vercel/prepare-flags-definitions@0.3.0
30 silly packumentCache full:https://registry.npmjs.org/@vercel%2fprepare-flags-definitions cache-miss
31 silly fetch manifest chokidar@4.0.0
32 silly packumentCache full:https://registry.npmjs.org/chokidar cache-miss
33 silly fetch manifest esbuild@0.27.0
34 silly packumentCache full:https://registry.npmjs.org/esbuild cache-miss
35 silly fetch manifest form-data@^4.0.0
36 silly packumentCache full:https://registry.npmjs.org/form-data cache-miss
37 silly fetch manifest jose@5.9.6
38 silly packumentCache full:https://registry.npmjs.org/jose cache-miss
39 http fetch GET 200 https://registry.npmjs.org/@vercel%2ffun 806ms (cache miss)
40 silly packumentCache full:https://registry.npmjs.org/@vercel%2ffun set size:undefined disposed:false
41 silly fetch manifest luxon@^3.4.0
42 silly packumentCache full:https://registry.npmjs.org/luxon cache-miss
43 http fetch GET 200 https://registry.npmjs.org/@vercel%2fprepare-flags-definitions 2019ms (cache miss)
44 silly packumentCache full:https://registry.npmjs.org/@vercel%2fprepare-flags-definitions set size:undefined disposed:false
45 silly fetch manifest proxy-agent@6.4.0
46 silly packumentCache full:https://registry.npmjs.org/proxy-agent cache-miss
47 http fetch GET 200 https://registry.npmjs.org/proxy-agent 516ms (cache miss)
48 silly packumentCache full:https://registry.npmjs.org/proxy-agent set size:undefined disposed:false
49 silly fetch manifest sandbox@3.1.2
50 silly packumentCache full:https://registry.npmjs.org/sandbox cache-miss
51 http fetch GET 200 https://registry.npmjs.org/luxon 1980ms (cache miss)
52 silly packumentCache full:https://registry.npmjs.org/luxon set size:undefined disposed:false
53 silly fetch manifest smol-toml@1.5.2
54 silly packumentCache full:https://registry.npmjs.org/smol-toml cache-miss
55 http fetch GET 200 https://registry.npmjs.org/chokidar 3299ms (cache miss)
56 silly packumentCache full:https://registry.npmjs.org/chokidar set size:undefined disposed:false
57 silly fetch manifest zod@4.1.11
58 silly packumentCache full:https://registry.npmjs.org/zod cache-miss
59 http fetch GET 200 https://registry.npmjs.org/sandbox 854ms (cache miss)
60 silly packumentCache full:https://registry.npmjs.org/sandbox set size:undefined disposed:false
61 silly fetch manifest @vercel/backends@0.8.14
62 silly packumentCache full:https://registry.npmjs.org/@vercel%2fbackends cache-miss
63 http fetch GET 200 https://registry.npmjs.org/smol-toml 717ms (cache miss)
64 silly packumentCache full:https://registry.npmjs.org/smol-toml set size:undefined disposed:false
65 silly fetch manifest @vercel/cli-config@0.2.0
66 silly packumentCache full:https://registry.npmjs.org/@vercel%2fcli-config cache-miss
67 http fetch GET 200 https://registry.npmjs.org/form-data 3791ms (cache miss)
68 silly packumentCache full:https://registry.npmjs.org/form-data set size:undefined disposed:false
69 silly fetch manifest @vercel/cli-auth@0.3.0
70 silly packumentCache full:https://registry.npmjs.org/@vercel%2fcli-auth cache-miss
71 http fetch GET 200 https://registry.npmjs.org/@vercel%2fcli-config 330ms (cache miss)
72 silly packumentCache full:https://registry.npmjs.org/@vercel%2fcli-config set size:undefined disposed:false
73 silly fetch manifest @vercel/detect-agent@1.2.3
74 silly packumentCache full:https://registry.npmjs.org/@vercel%2fdetect-agent cache-miss
75 http fetch GET 200 https://registry.npmjs.org/@vercel%2fbackends 627ms (cache miss)
76 silly packumentCache full:https://registry.npmjs.org/@vercel%2fbackends set size:undefined disposed:false
77 silly fetch manifest @vercel/elysia@0.1.93
78 silly packumentCache full:https://registry.npmjs.org/@vercel%2felysia cache-miss
79 http fetch GET 200 https://registry.npmjs.org/@vercel%2fblob 4468ms (cache miss)
80 silly packumentCache full:https://registry.npmjs.org/@vercel%2fblob set size:undefined disposed:false
81 silly fetch manifest @vercel/build-utils@13.30.0
82 silly packumentCache full:https://registry.npmjs.org/@vercel%2fbuild-utils cache-miss
83 http fetch GET 200 https://registry.npmjs.org/@vercel%2fcli-auth 711ms (cache miss)
84 silly packumentCache full:https://registry.npmjs.org/@vercel%2fcli-auth set size:undefined disposed:false
85 silly fetch manifest @vercel/fastify@0.1.96
86 silly packumentCache full:https://registry.npmjs.org/@vercel%2ffastify cache-miss
87 http fetch GET 200 https://registry.npmjs.org/@vercel%2fdetect-agent 941ms (cache miss)
88 silly packumentCache full:https://registry.npmjs.org/@vercel%2fdetect-agent set size:undefined disposed:false
89 silly fetch manifest @vercel/go@3.9.0
90 silly packumentCache full:https://registry.npmjs.org/@vercel%2fgo cache-miss
91 http fetch GET 200 https://registry.npmjs.org/@vercel%2felysia 1388ms (cache miss)
92 silly packumentCache full:https://registry.npmjs.org/@vercel%2felysia set size:undefined disposed:false
93 silly fetch manifest @vercel/hono@0.2.96
94 silly packumentCache full:https://registry.npmjs.org/@vercel%2fhono cache-miss
95 http fetch GET 200 https://registry.npmjs.org/jose 5456ms (cache miss)
96 silly packumentCache full:https://registry.npmjs.org/jose set size:undefined disposed:false
97 silly fetch manifest @vercel/express@0.1.105
98 silly packumentCache full:https://registry.npmjs.org/@vercel%2fexpress cache-miss
99 http fetch GET 200 https://registry.npmjs.org/@vercel%2ffastify 1848ms (cache miss)
100 silly packumentCache full:https://registry.npmjs.org/@vercel%2ffastify set size:undefined disposed:false
101 silly fetch manifest @vercel/hydrogen@1.4.0
102 silly packumentCache full:https://registry.npmjs.org/@vercel%2fhydrogen cache-miss
103 http fetch GET 200 https://registry.npmjs.org/@vercel%2fhono 982ms (cache miss)
104 silly packumentCache full:https://registry.npmjs.org/@vercel%2fhono set size:undefined disposed:false
105 silly fetch manifest @vercel/h3@0.1.102
106 silly packumentCache full:https://registry.npmjs.org/@vercel%2fh3 cache-miss
107 http fetch GET 200 https://registry.npmjs.org/@vercel%2fexpress 1326ms (cache miss)
108 silly packumentCache full:https://registry.npmjs.org/@vercel%2fexpress set size:undefined disposed:false
109 silly fetch manifest @vercel/koa@0.1.76
110 silly packumentCache full:https://registry.npmjs.org/@vercel%2fkoa cache-miss
111 http fetch GET 200 https://registry.npmjs.org/@vercel%2fh3 1155ms (cache miss)
112 silly packumentCache full:https://registry.npmjs.org/@vercel%2fh3 set size:undefined disposed:false
113 silly fetch manifest @vercel/next@4.19.0
114 silly packumentCache full:https://registry.npmjs.org/@vercel%2fnext cache-miss
115 http fetch GET 200 https://registry.npmjs.org/zod 4674ms (cache miss)
116 silly packumentCache full:https://registry.npmjs.org/zod set size:undefined disposed:false
117 silly fetch manifest @vercel/node@5.8.17
118 silly packumentCache full:https://registry.npmjs.org/@vercel%2fnode cache-miss
119 http fetch GET 200 https://registry.npmjs.org/@vercel%2fkoa 1207ms (cache miss)
120 silly packumentCache full:https://registry.npmjs.org/@vercel%2fkoa set size:undefined disposed:false
121 silly fetch manifest @vercel/python@6.45.1
122 silly packumentCache full:https://registry.npmjs.org/@vercel%2fpython cache-miss
123 http fetch GET 200 https://registry.npmjs.org/@vercel%2fgo 3262ms (cache miss)
124 silly packumentCache full:https://registry.npmjs.org/@vercel%2fgo set size:undefined disposed:false
125 silly fetch manifest @vercel/redwood@2.5.0
126 silly packumentCache full:https://registry.npmjs.org/@vercel%2fredwood cache-miss
127 http fetch GET 200 https://registry.npmjs.org/@vercel%2fhydrogen 1893ms (cache miss)
128 silly packumentCache full:https://registry.npmjs.org/@vercel%2fhydrogen set size:undefined disposed:false
129 silly fetch manifest @vercel/remix-builder@5.9.1
130 silly packumentCache full:https://registry.npmjs.org/@vercel%2fremix-builder cache-miss
131 http fetch GET 200 https://registry.npmjs.org/esbuild 8333ms (cache miss)
132 silly packumentCache full:https://registry.npmjs.org/esbuild set size:undefined disposed:false
133 silly fetch manifest @vercel/ruby@2.4.0
134 silly packumentCache full:https://registry.npmjs.org/@vercel%2fruby cache-miss
135 http fetch GET 200 https://registry.npmjs.org/@vercel%2fremix-builder 1093ms (cache miss)
136 silly packumentCache full:https://registry.npmjs.org/@vercel%2fremix-builder set size:undefined disposed:false
137 silly fetch manifest @vercel/nestjs@0.2.97
138 silly packumentCache full:https://registry.npmjs.org/@vercel%2fnestjs cache-miss
139 http fetch GET 200 https://registry.npmjs.org/@vercel%2fpython 2270ms (cache miss)
140 silly packumentCache full:https://registry.npmjs.org/@vercel%2fpython set size:undefined disposed:false
141 silly fetch manifest @vercel/static-build@2.10.3
142 silly packumentCache full:https://registry.npmjs.org/@vercel%2fstatic-build cache-miss
143 http fetch GET 200 https://registry.npmjs.org/@vercel%2fredwood 2619ms (cache miss)
144 silly packumentCache full:https://registry.npmjs.org/@vercel%2fredwood set size:undefined disposed:false
145 silly fetch manifest @vercel/rust@1.3.0
146 silly packumentCache full:https://registry.npmjs.org/@vercel%2frust cache-miss
147 http fetch GET 200 https://registry.npmjs.org/@vercel%2fnestjs 1471ms (cache miss)
148 silly packumentCache full:https://registry.npmjs.org/@vercel%2fnestjs set size:undefined disposed:false
149 http fetch GET 200 https://registry.npmjs.org/@vercel%2fruby 2605ms (cache miss)
150 silly packumentCache full:https://registry.npmjs.org/@vercel%2fruby set size:undefined disposed:false
151 http fetch GET 200 https://registry.npmjs.org/@vercel%2frust 623ms (cache miss)
152 silly packumentCache full:https://registry.npmjs.org/@vercel%2frust set size:undefined disposed:false
153 http fetch GET 200 https://registry.npmjs.org/@vercel%2fnode 3606ms (cache miss)
154 silly packumentCache full:https://registry.npmjs.org/@vercel%2fnode set size:undefined disposed:false
155 http fetch GET 200 https://registry.npmjs.org/@vercel%2fstatic-build 2796ms (cache miss)
156 silly packumentCache full:https://registry.npmjs.org/@vercel%2fstatic-build set size:undefined disposed:false
157 http fetch GET 200 https://registry.npmjs.org/@vercel%2fbuild-utils 11755ms (cache miss)
158 silly packumentCache full:https://registry.npmjs.org/@vercel%2fbuild-utils set size:undefined disposed:false
159 http fetch GET 200 https://registry.npmjs.org/@vercel%2fnext 11838ms (cache miss)
160 silly packumentCache full:https://registry.npmjs.org/@vercel%2fnext set size:undefined disposed:false
161 silly placeDep ROOT @vercel/backends@0.8.14 OK for: vercel@54.14.2 want: 0.8.14
162 silly placeDep ROOT @vercel/blob@2.4.0 OK for: vercel@54.14.2 want: 2.4.0
163 silly placeDep ROOT @vercel/build-utils@13.30.0 OK for: vercel@54.14.2 want: 13.30.0
164 silly placeDep ROOT @vercel/cli-auth@0.3.0 OK for: vercel@54.14.2 want: 0.3.0
165 silly placeDep ROOT @vercel/cli-config@0.2.0 OK for: vercel@54.14.2 want: 0.2.0
166 silly placeDep ROOT @vercel/detect-agent@1.2.3 OK for: vercel@54.14.2 want: 1.2.3
167 silly placeDep ROOT @vercel/elysia@0.1.93 OK for: vercel@54.14.2 want: 0.1.93
168 silly placeDep ROOT @vercel/express@0.1.105 OK for: vercel@54.14.2 want: 0.1.105
169 silly placeDep ROOT @vercel/fastify@0.1.96 OK for: vercel@54.14.2 want: 0.1.96
170 silly placeDep ROOT @vercel/fun@1.3.0 OK for: vercel@54.14.2 want: 1.3.0
171 silly placeDep ROOT @vercel/go@3.9.0 OK for: vercel@54.14.2 want: 3.9.0
172 silly placeDep ROOT @vercel/h3@0.1.102 OK for: vercel@54.14.2 want: 0.1.102
173 silly placeDep ROOT @vercel/hono@0.2.96 OK for: vercel@54.14.2 want: 0.2.96
174 silly placeDep ROOT @vercel/hydrogen@1.4.0 OK for: vercel@54.14.2 want: 1.4.0
175 silly placeDep ROOT @vercel/koa@0.1.76 OK for: vercel@54.14.2 want: 0.1.76
176 silly placeDep ROOT @vercel/nestjs@0.2.97 OK for: vercel@54.14.2 want: 0.2.97
177 silly placeDep ROOT @vercel/next@4.19.0 OK for: vercel@54.14.2 want: 4.19.0
178 silly placeDep ROOT @vercel/node@5.8.17 OK for: vercel@54.14.2 want: 5.8.17
179 silly placeDep ROOT @vercel/prepare-flags-definitions@0.3.0 OK for: vercel@54.14.2 want: 0.3.0
180 silly placeDep ROOT @vercel/python@6.45.1 OK for: vercel@54.14.2 want: 6.45.1
181 silly placeDep ROOT @vercel/redwood@2.5.0 OK for: vercel@54.14.2 want: 2.5.0
182 silly placeDep ROOT @vercel/remix-builder@5.9.1 OK for: vercel@54.14.2 want: 5.9.1
183 silly placeDep ROOT @vercel/ruby@2.4.0 OK for: vercel@54.14.2 want: 2.4.0
184 silly placeDep ROOT @vercel/rust@1.3.0 OK for: vercel@54.14.2 want: 1.3.0
185 silly placeDep ROOT @vercel/static-build@2.10.3 OK for: vercel@54.14.2 want: 2.10.3
186 silly placeDep ROOT chokidar@4.0.0 OK for: vercel@54.14.2 want: 4.0.0
187 silly placeDep ROOT esbuild@0.27.0 OK for: vercel@54.14.2 want: 0.27.0
188 silly placeDep ROOT form-data@4.0.6 OK for: vercel@54.14.2 want: ^4.0.0
189 silly placeDep ROOT jose@5.9.6 OK for: vercel@54.14.2 want: 5.9.6
190 silly placeDep ROOT luxon@3.7.2 OK for: vercel@54.14.2 want: ^3.4.0
191 silly placeDep ROOT proxy-agent@6.4.0 OK for: vercel@54.14.2 want: 6.4.0
192 silly placeDep ROOT sandbox@3.1.2 OK for: vercel@54.14.2 want: 3.1.2
193 silly placeDep ROOT smol-toml@1.5.2 OK for: vercel@54.14.2 want: 1.5.2
194 silly placeDep ROOT zod@4.1.11 OK for: vercel@54.14.2 want: 4.1.11
195 silly fetch manifest @vercel/nft@1.10.0
196 silly packumentCache full:https://registry.npmjs.org/@vercel%2fnft cache-miss
197 silly fetch manifest execa@3.2.0
198 silly packumentCache full:https://registry.npmjs.org/execa cache-miss
199 silly fetch manifest fs-extra@11.1.0
200 silly packumentCache full:https://registry.npmjs.org/fs-extra cache-miss
201 silly fetch manifest get-port@5.1.1
202 silly packumentCache full:https://registry.npmjs.org/get-port cache-miss
203 silly fetch manifest oxc-transform@0.111.0
204 silly packumentCache full:https://registry.npmjs.org/oxc-transform cache-miss
205 silly fetch manifest path-to-regexp@8.3.0
206 silly packumentCache full:https://registry.npmjs.org/path-to-regexp cache-miss
207 silly fetch manifest resolve.exports@2.0.3
208 silly packumentCache full:https://registry.npmjs.org/resolve.exports cache-miss
209 http fetch GET 200 https://registry.npmjs.org/resolve.exports 819ms (cache miss)
210 silly packumentCache full:https://registry.npmjs.org/resolve.exports set size:undefined disposed:false
211 silly fetch manifest rolldown@1.0.0-rc.1
212 silly packumentCache full:https://registry.npmjs.org/rolldown cache-miss
213 http fetch GET 200 https://registry.npmjs.org/oxc-transform 1025ms (cache miss)
214 silly packumentCache full:https://registry.npmjs.org/oxc-transform set size:undefined disposed:false
215 silly fetch manifest srvx@0.8.9
216 silly packumentCache full:https://registry.npmjs.org/srvx cache-miss
217 http fetch GET 200 https://registry.npmjs.org/execa 1175ms (cache miss)
218 silly packumentCache full:https://registry.npmjs.org/execa set size:undefined disposed:false
219 silly fetch manifest tsx@4.21.0
220 silly packumentCache full:https://registry.npmjs.org/tsx cache-miss
221 http fetch GET 200 https://registry.npmjs.org/fs-extra 1613ms (cache miss)
222 silly packumentCache full:https://registry.npmjs.org/fs-extra set size:undefined disposed:false
223 silly fetch manifest zod@3.22.4
224 silly packumentCache full:https://registry.npmjs.org/zod cache-miss
225 http cache https://registry.npmjs.org/zod 15ms (cache hit)
226 silly packumentCache full:https://registry.npmjs.org/zod set size:3552562 disposed:false
227 silly fetch manifest undici@^6.23.0
228 silly packumentCache full:https://registry.npmjs.org/undici cache-miss
229 http fetch GET 200 https://registry.npmjs.org/@vercel%2fnft 1874ms (cache miss)
230 silly packumentCache full:https://registry.npmjs.org/@vercel%2fnft set size:undefined disposed:false
231 silly fetch manifest is-buffer@^2.0.5
232 silly packumentCache full:https://registry.npmjs.org/is-buffer cache-miss
233 http fetch GET 200 https://registry.npmjs.org/srvx 1074ms (cache miss)
234 silly packumentCache full:https://registry.npmjs.org/srvx set size:undefined disposed:false
235 silly fetch manifest throttleit@^2.1.0
236 silly packumentCache full:https://registry.npmjs.org/throttleit cache-miss
237 http fetch GET 200 https://registry.npmjs.org/throttleit 250ms (cache miss)
238 silly packumentCache full:https://registry.npmjs.org/throttleit set size:undefined disposed:false
239 silly fetch manifest async-retry@^1.3.3
240 silly packumentCache full:https://registry.npmjs.org/async-retry cache-miss
241 http fetch GET 200 https://registry.npmjs.org/is-buffer 684ms (cache miss)
242 silly packumentCache full:https://registry.npmjs.org/is-buffer set size:undefined disposed:false
243 silly fetch manifest is-node-process@^1.2.0
244 silly packumentCache full:https://registry.npmjs.org/is-node-process cache-miss
245 http fetch GET 200 https://registry.npmjs.org/tsx 1943ms (cache miss)
246 silly packumentCache full:https://registry.npmjs.org/tsx set size:undefined disposed:false
247 silly fetch manifest cjs-module-lexer@1.2.3
248 silly packumentCache full:https://registry.npmjs.org/cjs-module-lexer cache-miss
249 http fetch GET 200 https://registry.npmjs.org/async-retry 773ms (cache miss)
250 silly packumentCache full:https://registry.npmjs.org/async-retry set size:undefined disposed:false
251 silly fetch manifest es-module-lexer@1.5.0
252 silly packumentCache full:https://registry.npmjs.org/es-module-lexer cache-miss
253 http fetch GET 200 https://registry.npmjs.org/is-node-process 1082ms (cache miss)
254 silly packumentCache full:https://registry.npmjs.org/is-node-process set size:undefined disposed:false
255 silly fetch manifest @vercel/python-analysis@0.11.1
256 silly packumentCache full:https://registry.npmjs.org/@vercel%2fpython-analysis cache-miss
257 http fetch GET 200 https://registry.npmjs.org/path-to-regexp 3830ms (cache miss)
258 silly packumentCache full:https://registry.npmjs.org/path-to-regexp set size:undefined disposed:false
259 silly fetch manifest @napi-rs/keyring@1.2.0
260 silly packumentCache full:https://registry.npmjs.org/@napi-rs%2fkeyring cache-miss
261 http fetch GET 200 https://registry.npmjs.org/cjs-module-lexer 896ms (cache miss)
262 silly packumentCache full:https://registry.npmjs.org/cjs-module-lexer set size:undefined disposed:false
263 silly fetch manifest async-listen@3.0.0
264 silly packumentCache full:https://registry.npmjs.org/async-listen cache-miss
265 http fetch GET 200 https://registry.npmjs.org/get-port 4150ms (cache miss)
266 silly packumentCache full:https://registry.npmjs.org/get-port set size:undefined disposed:false
267 silly fetch manifest open@8.4.0
268 silly packumentCache full:https://registry.npmjs.org/open cache-miss
269 http fetch GET 200 https://registry.npmjs.org/@vercel%2fpython-analysis 558ms (cache miss)
270 silly packumentCache full:https://registry.npmjs.org/@vercel%2fpython-analysis set size:undefined disposed:false
271 silly fetch manifest xdg-app-paths@5
272 silly packumentCache full:https://registry.npmjs.org/xdg-app-paths cache-miss
273 http fetch GET 200 https://registry.npmjs.org/es-module-lexer 1689ms (cache miss)
274 silly packumentCache full:https://registry.npmjs.org/es-module-lexer set size:undefined disposed:false
275 silly fetch manifest @vercel/static-config@3.4.0
276 silly packumentCache full:https://registry.npmjs.org/@vercel%2fstatic-config cache-miss
277 http fetch GET 200 https://registry.npmjs.org/rolldown 4160ms (cache miss)
278 silly packumentCache full:https://registry.npmjs.org/rolldown set size:undefined disposed:false
279 silly fetch manifest ts-morph@12.0.0
280 silly packumentCache full:https://registry.npmjs.org/ts-morph cache-miss
281 http fetch GET 200 https://registry.npmjs.org/open 950ms (cache miss)
282 silly packumentCache full:https://registry.npmjs.org/open set size:undefined disposed:false
283 silly fetch manifest @vercel/static-config@3.4.0
284 silly packumentCache full:https://registry.npmjs.org/@vercel%2fstatic-config cache-miss
285 http fetch GET 200 https://registry.npmjs.org/xdg-app-paths 1142ms (cache miss)
286 silly packumentCache full:https://registry.npmjs.org/xdg-app-paths set size:undefined disposed:false
287 silly fetch manifest @vercel/cervel@0.1.22
288 silly packumentCache full:https://registry.npmjs.org/@vercel%2fcervel cache-miss
289 http fetch GET 200 https://registry.npmjs.org/@napi-rs%2fkeyring 1640ms (cache miss)
290 silly packumentCache full:https://registry.npmjs.org/@napi-rs%2fkeyring set size:undefined disposed:false
291 silly fetch manifest @vercel/static-config@3.4.0
292 silly packumentCache full:https://registry.npmjs.org/@vercel%2fstatic-config cache-miss
293 http fetch GET 200 https://registry.npmjs.org/undici 3873ms (cache miss)
294 silly packumentCache full:https://registry.npmjs.org/undici set size:undefined disposed:false
295 silly fetch manifest ms@2.1.1
296 silly packumentCache full:https://registry.npmjs.org/ms cache-miss
297 http fetch GET 200 https://registry.npmjs.org/async-listen 1648ms (cache miss)
298 silly packumentCache full:https://registry.npmjs.org/async-listen set size:undefined disposed:false
299 silly fetch manifest tar@7.5.7
300 silly packumentCache full:https://registry.npmjs.org/tar cache-miss
301 http fetch GET 200 https://registry.npmjs.org/@vercel%2fstatic-config 992ms (cache miss)
302 silly packumentCache full:https://registry.npmjs.org/@vercel%2fstatic-config set size:undefined disposed:false
303 silly fetch manifest debug@4.3.4
304 silly packumentCache full:https://registry.npmjs.org/debug cache-miss
305 http fetch GET 200 https://registry.npmjs.org/ms 677ms (cache miss)
306 silly packumentCache full:https://registry.npmjs.org/ms set size:undefined disposed:false
307 silly fetch manifest micro@9.3.5-canary.3
308 silly packumentCache full:https://registry.npmjs.org/micro cache-miss
309 http fetch GET 200 https://registry.npmjs.org/@vercel%2fcervel 969ms (cache miss)
310 silly packumentCache full:https://registry.npmjs.org/@vercel%2fcervel set size:undefined disposed:false
311 silly fetch manifest semver@7.5.4
312 silly packumentCache full:https://registry.npmjs.org/semver cache-miss
313 http fetch GET 200 https://registry.npmjs.org/ts-morph 1910ms (cache miss)
314 silly packumentCache full:https://registry.npmjs.org/ts-morph set size:undefined disposed:false
315 silly fetch manifest tinyexec@0.3.2
316 silly packumentCache full:https://registry.npmjs.org/tinyexec cache-miss
317 http fetch GET 200 https://registry.npmjs.org/debug 1246ms (cache miss)
318 silly packumentCache full:https://registry.npmjs.org/debug set size:undefined disposed:false
319 silly fetch manifest stat-mode@0.3.0
320 silly packumentCache full:https://registry.npmjs.org/stat-mode cache-miss
321 http fetch GET 200 https://registry.npmjs.org/micro 980ms (cache miss)
322 silly packumentCache full:https://registry.npmjs.org/micro set size:undefined disposed:false
323 silly fetch manifest tree-kill@1.2.2
324 silly packumentCache full:https://registry.npmjs.org/tree-kill cache-miss
325 http fetch GET 200 https://registry.npmjs.org/tar 1725ms (cache miss)
326 silly packumentCache full:https://registry.npmjs.org/tar set size:undefined disposed:false
327 silly fetch manifest node-fetch@2.6.7
328 silly packumentCache full:https://registry.npmjs.org/node-fetch cache-miss
329 http fetch GET 200 https://registry.npmjs.org/@vercel%2fstatic-config 2317ms (cache miss)
330 silly packumentCache full:https://registry.npmjs.org/@vercel%2fstatic-config set size:undefined disposed:false
331 silly fetch manifest promisepipe@3.0.0
332 silly packumentCache full:https://registry.npmjs.org/promisepipe cache-miss
333 http fetch GET 200 https://registry.npmjs.org/tree-kill 503ms (cache miss)
334 silly packumentCache full:https://registry.npmjs.org/tree-kill set size:undefined disposed:false
335 silly fetch manifest uid-promise@1.0.0
336 silly packumentCache full:https://registry.npmjs.org/uid-promise cache-miss
337 http fetch GET 200 https://registry.npmjs.org/stat-mode 774ms (cache miss)
338 silly packumentCache full:https://registry.npmjs.org/stat-mode set size:undefined disposed:false
339 silly fetch manifest async-listen@1.2.0
340 silly packumentCache full:https://registry.npmjs.org/async-listen cache-miss
341 http cache https://registry.npmjs.org/async-listen 4ms (cache hit)
342 silly packumentCache full:https://registry.npmjs.org/async-listen set size:27933 disposed:false
343 silly fetch manifest generic-pool@3.4.2
344 silly packumentCache full:https://registry.npmjs.org/generic-pool cache-miss
345 http fetch GET 200 https://registry.npmjs.org/tinyexec 1096ms (cache miss)
346 silly packumentCache full:https://registry.npmjs.org/tinyexec set size:undefined disposed:false
347 silly fetch manifest xdg-app-paths@5.1.0
348 silly packumentCache full:https://registry.npmjs.org/xdg-app-paths cache-miss
349 http cache https://registry.npmjs.org/xdg-app-paths 6ms (cache hit)
350 silly packumentCache full:https://registry.npmjs.org/xdg-app-paths set size:295911 disposed:false
351 silly fetch manifest yauzl-promise@2.1.3
352 silly packumentCache full:https://registry.npmjs.org/yauzl-promise cache-miss
353 http fetch GET 200 https://registry.npmjs.org/promisepipe 643ms (cache miss)
354 silly packumentCache full:https://registry.npmjs.org/promisepipe set size:undefined disposed:false
355 silly fetch manifest path-to-regexp@8.2.0
356 silly packumentCache full:https://registry.npmjs.org/path-to-regexp cache-miss
357 http cache https://registry.npmjs.org/path-to-regexp 4ms (cache hit)
358 silly packumentCache full:https://registry.npmjs.org/path-to-regexp set size:216334 disposed:false
359 silly fetch manifest @tootallnate/once@2.0.0
360 silly packumentCache full:https://registry.npmjs.org/@tootallnate%2fonce cache-miss
361 http fetch GET 200 https://registry.npmjs.org/uid-promise 582ms (cache miss)
362 silly packumentCache full:https://registry.npmjs.org/uid-promise set size:undefined disposed:false
363 silly fetch manifest stream-to-promise@2.2.0
364 silly packumentCache full:https://registry.npmjs.org/stream-to-promise cache-miss
365 http fetch GET 200 https://registry.npmjs.org/semver 1962ms (cache miss)
366 silly packumentCache full:https://registry.npmjs.org/semver set size:undefined disposed:false
367 silly fetch manifest @edge-runtime/node-utils@2.3.0
368 silly packumentCache full:https://registry.npmjs.org/@edge-runtime%2fnode-utils cache-miss
369 http fetch GET 200 https://registry.npmjs.org/yauzl-promise 574ms (cache miss)
370 silly packumentCache full:https://registry.npmjs.org/yauzl-promise set size:undefined disposed:false
371 silly fetch manifest @edge-runtime/primitives@4.1.0
372 silly packumentCache full:https://registry.npmjs.org/@edge-runtime%2fprimitives cache-miss
373 http fetch GET 200 https://registry.npmjs.org/stream-to-promise 329ms (cache miss)
374 silly packumentCache full:https://registry.npmjs.org/stream-to-promise set size:undefined disposed:false
375 silly fetch manifest @edge-runtime/vm@3.2.0
376 silly packumentCache full:https://registry.npmjs.org/@edge-runtime%2fvm cache-miss
377 http fetch GET 200 https://registry.npmjs.org/@edge-runtime%2fnode-utils 394ms (cache miss)
378 silly packumentCache full:https://registry.npmjs.org/@edge-runtime%2fnode-utils set size:undefined disposed:false
379 silly fetch manifest @types/node@20.11.0
380 silly packumentCache full:https://registry.npmjs.org/@types%2fnode cache-miss
381 http fetch GET 200 https://registry.npmjs.org/generic-pool 1188ms (cache miss)
382 silly packumentCache full:https://registry.npmjs.org/generic-pool set size:undefined disposed:false
383 silly fetch manifest edge-runtime@2.5.9
384 silly packumentCache full:https://registry.npmjs.org/edge-runtime cache-miss
385 http fetch GET 200 https://registry.npmjs.org/@vercel%2fstatic-config 4552ms (cache miss)
386 silly packumentCache full:https://registry.npmjs.org/@vercel%2fstatic-config set size:undefined disposed:false
387 silly fetch manifest es-module-lexer@1.4.1
388 silly packumentCache full:https://registry.npmjs.org/es-module-lexer cache-miss
389 http cache https://registry.npmjs.org/es-module-lexer 4ms (cache hit)
390 silly packumentCache full:https://registry.npmjs.org/es-module-lexer set size:205389 disposed:false
391 silly fetch manifest etag@1.8.1
392 silly packumentCache full:https://registry.npmjs.org/etag cache-miss
393 http fetch GET 200 https://registry.npmjs.org/@tootallnate%2fonce 2105ms (cache miss)
394 silly packumentCache full:https://registry.npmjs.org/@tootallnate%2fonce set size:undefined disposed:false
395 silly fetch manifest mime-types@2.1.35
396 silly packumentCache full:https://registry.npmjs.org/mime-types cache-miss
397 http fetch GET 200 https://registry.npmjs.org/node-fetch 2866ms (cache miss)
398 silly packumentCache full:https://registry.npmjs.org/node-fetch set size:undefined disposed:false
399 silly fetch manifest node-fetch@2.6.9
400 silly packumentCache full:https://registry.npmjs.org/node-fetch cache-miss
401 http cache https://registry.npmjs.org/node-fetch 21ms (cache hit)
402 silly packumentCache full:https://registry.npmjs.org/node-fetch set size:896010 disposed:false
403 silly fetch manifest path-to-regexp-updated@npm:path-to-regexp@6.3.0
404 silly packumentCache full:https://registry.npmjs.org/path-to-regexp cache-hit
405 silly fetch manifest path-to-regexp@6.1.0
406 silly packumentCache full:https://registry.npmjs.org/path-to-regexp cache-hit
407 silly fetch manifest typescript@npm:typescript@5.9.3
408 silly packumentCache full:https://registry.npmjs.org/typescript cache-miss
409 http fetch GET 200 https://registry.npmjs.org/@edge-runtime%2fvm 1814ms (cache miss)
410 silly packumentCache full:https://registry.npmjs.org/@edge-runtime%2fvm set size:undefined disposed:false
411 silly fetch manifest undici@5.28.4
412 silly packumentCache full:https://registry.npmjs.org/undici cache-miss
413 http cache https://registry.npmjs.org/undici 7ms (cache hit)
414 silly packumentCache full:https://registry.npmjs.org/undici set size:1450121 disposed:false
415 silly fetch manifest @vercel/error-utils@2.2.0
416 silly packumentCache full:https://registry.npmjs.org/@vercel%2ferror-utils cache-miss
417 http fetch GET 200 https://registry.npmjs.org/@edge-runtime%2fprimitives 2134ms (cache miss)
418 silly packumentCache full:https://registry.npmjs.org/@edge-runtime%2fprimitives set size:undefined disposed:false
419 silly fetch manifest semver@6.3.1
420 silly packumentCache full:https://registry.npmjs.org/semver cache-miss
421 http cache https://registry.npmjs.org/semver 6ms (cache hit)
422 silly packumentCache full:https://registry.npmjs.org/semver set size:246125 disposed:false
423 silly fetch manifest @vercel/error-utils@2.2.0
424 silly packumentCache full:https://registry.npmjs.org/@vercel%2ferror-utils cache-miss
425 http fetch GET 200 https://registry.npmjs.org/etag 1057ms (cache miss)
426 silly packumentCache full:https://registry.npmjs.org/etag set size:undefined disposed:false
427 silly fetch manifest execa@5
428 silly packumentCache full:https://registry.npmjs.org/execa cache-miss
429 http cache https://registry.npmjs.org/execa 4ms (cache hit)
430 silly packumentCache full:https://registry.npmjs.org/execa set size:181234 disposed:false
431 silly fetch manifest @vercel/gatsby-plugin-vercel-analytics@1.0.11
432 silly packumentCache full:https://registry.npmjs.org/@vercel%2fgatsby-plugin-vercel-analytics cache-miss
433 http fetch GET 200 https://registry.npmjs.org/edge-runtime 2125ms (cache miss)
434 silly packumentCache full:https://registry.npmjs.org/edge-runtime set size:undefined disposed:false
435 silly fetch manifest @vercel/gatsby-plugin-vercel-builder@2.2.19
436 silly packumentCache full:https://registry.npmjs.org/@vercel%2fgatsby-plugin-vercel-builder cache-miss
437 http fetch GET 200 https://registry.npmjs.org/@vercel%2ferror-utils 757ms (cache miss)
438 silly packumentCache full:https://registry.npmjs.org/@vercel%2ferror-utils set size:undefined disposed:false
439 silly fetch manifest readdirp@^4.0.1
440 silly packumentCache full:https://registry.npmjs.org/readdirp cache-miss
441 http fetch GET 200 https://registry.npmjs.org/mime-types 1754ms (cache miss)
442 silly packumentCache full:https://registry.npmjs.org/mime-types set size:undefined disposed:false
443 silly fetch manifest @esbuild/aix-ppc64@0.27.0
444 silly packumentCache full:https://registry.npmjs.org/@esbuild%2faix-ppc64 cache-miss
445 http fetch GET 200 https://registry.npmjs.org/@vercel%2ferror-utils 2014ms (cache miss)
446 silly packumentCache full:https://registry.npmjs.org/@vercel%2ferror-utils set size:undefined disposed:false
447 silly fetch manifest @esbuild/linux-arm@0.27.0
448 silly packumentCache full:https://registry.npmjs.org/@esbuild%2flinux-arm cache-miss
449 http fetch GET 200 https://registry.npmjs.org/@vercel%2fgatsby-plugin-vercel-analytics 1571ms (cache miss)
450 silly packumentCache full:https://registry.npmjs.org/@vercel%2fgatsby-plugin-vercel-analytics set size:undefined disposed:false
451 silly fetch manifest @esbuild/linux-x64@0.27.0
452 silly packumentCache full:https://registry.npmjs.org/@esbuild%2flinux-x64 cache-miss
453 http fetch GET 200 https://registry.npmjs.org/@vercel%2fgatsby-plugin-vercel-builder 1953ms (cache miss)
454 silly packumentCache full:https://registry.npmjs.org/@vercel%2fgatsby-plugin-vercel-builder set size:undefined disposed:false
455 silly fetch manifest @esbuild/sunos-x64@0.27.0
456 silly packumentCache full:https://registry.npmjs.org/@esbuild%2fsunos-x64 cache-miss
457 http fetch GET 200 https://registry.npmjs.org/readdirp 1710ms (cache miss)
458 silly packumentCache full:https://registry.npmjs.org/readdirp set size:undefined disposed:false
459 silly fetch manifest @esbuild/win32-x64@0.27.0
460 silly packumentCache full:https://registry.npmjs.org/@esbuild%2fwin32-x64 cache-miss
461 http fetch GET 200 https://registry.npmjs.org/@esbuild%2faix-ppc64 1825ms (cache miss)
462 silly packumentCache full:https://registry.npmjs.org/@esbuild%2faix-ppc64 set size:undefined disposed:false
463 silly fetch manifest @esbuild/darwin-x64@0.27.0
464 silly packumentCache full:https://registry.npmjs.org/@esbuild%2fdarwin-x64 cache-miss
465 http fetch GET 200 https://registry.npmjs.org/@esbuild%2fwin32-x64 944ms (cache miss)
466 silly packumentCache full:https://registry.npmjs.org/@esbuild%2fwin32-x64 set size:undefined disposed:false
467 silly fetch manifest @esbuild/linux-ia32@0.27.0
468 silly packumentCache full:https://registry.npmjs.org/@esbuild%2flinux-ia32 cache-miss
469 http fetch GET 200 https://registry.npmjs.org/@esbuild%2flinux-arm 1830ms (cache miss)
470 silly packumentCache full:https://registry.npmjs.org/@esbuild%2flinux-arm set size:undefined disposed:false
471 silly fetch manifest @esbuild/netbsd-x64@0.27.0
472 silly packumentCache full:https://registry.npmjs.org/@esbuild%2fnetbsd-x64 cache-miss
473 http fetch GET 200 https://registry.npmjs.org/@esbuild%2fsunos-x64 1631ms (cache miss)
474 silly packumentCache full:https://registry.npmjs.org/@esbuild%2fsunos-x64 set size:undefined disposed:false
475 silly fetch manifest @esbuild/win32-ia32@0.27.0
476 silly packumentCache full:https://registry.npmjs.org/@esbuild%2fwin32-ia32 cache-miss
477 http fetch GET 200 https://registry.npmjs.org/@esbuild%2fdarwin-x64 1313ms (cache miss)
478 silly packumentCache full:https://registry.npmjs.org/@esbuild%2fdarwin-x64 set size:undefined disposed:false
479 silly fetch manifest @esbuild/android-arm@0.27.0
480 silly packumentCache full:https://registry.npmjs.org/@esbuild%2fandroid-arm cache-miss
481 http fetch GET 200 https://registry.npmjs.org/@esbuild%2flinux-ia32 1116ms (cache miss)
482 silly packumentCache full:https://registry.npmjs.org/@esbuild%2flinux-ia32 set size:undefined disposed:false
483 silly fetch manifest @esbuild/android-x64@0.27.0
484 silly packumentCache full:https://registry.npmjs.org/@esbuild%2fandroid-x64 cache-miss
485 http fetch GET 200 https://registry.npmjs.org/@esbuild%2fnetbsd-x64 1831ms (cache miss)
486 silly packumentCache full:https://registry.npmjs.org/@esbuild%2fnetbsd-x64 set size:undefined disposed:false
487 silly fetch manifest @esbuild/freebsd-x64@0.27.0
488 silly packumentCache full:https://registry.npmjs.org/@esbuild%2ffreebsd-x64 cache-miss
489 http fetch GET 200 https://registry.npmjs.org/@esbuild%2fwin32-ia32 1717ms (cache miss)
490 silly packumentCache full:https://registry.npmjs.org/@esbuild%2fwin32-ia32 set size:undefined disposed:false
491 silly fetch manifest @esbuild/linux-arm64@0.27.0
492 silly packumentCache full:https://registry.npmjs.org/@esbuild%2flinux-arm64 cache-miss
493 http fetch GET 200 https://registry.npmjs.org/@esbuild%2fandroid-x64 1331ms (cache miss)
494 silly packumentCache full:https://registry.npmjs.org/@esbuild%2fandroid-x64 set size:undefined disposed:false
495 silly fetch manifest @esbuild/linux-ppc64@0.27.0
496 silly packumentCache full:https://registry.npmjs.org/@esbuild%2flinux-ppc64 cache-miss
497 http fetch GET 200 https://registry.npmjs.org/@esbuild%2ffreebsd-x64 1432ms (cache miss)
498 silly packumentCache full:https://registry.npmjs.org/@esbuild%2ffreebsd-x64 set size:undefined disposed:false
499 silly fetch manifest @esbuild/linux-s390x@0.27.0
500 silly packumentCache full:https://registry.npmjs.org/@esbuild%2flinux-s390x cache-miss
501 http fetch GET 200 https://registry.npmjs.org/@esbuild%2flinux-ppc64 1219ms (cache miss)
502 silly packumentCache full:https://registry.npmjs.org/@esbuild%2flinux-ppc64 set size:undefined disposed:false
503 silly fetch manifest @esbuild/openbsd-x64@0.27.0
504 silly packumentCache full:https://registry.npmjs.org/@esbuild%2fopenbsd-x64 cache-miss
505 http fetch GET 200 https://registry.npmjs.org/@esbuild%2fandroid-arm 2784ms (cache miss)
506 silly packumentCache full:https://registry.npmjs.org/@esbuild%2fandroid-arm set size:undefined disposed:false
507 silly fetch manifest @esbuild/win32-arm64@0.27.0
508 silly packumentCache full:https://registry.npmjs.org/@esbuild%2fwin32-arm64 cache-miss
509 http fetch GET 200 https://registry.npmjs.org/@esbuild%2fopenbsd-x64 1055ms (cache miss)
510 silly packumentCache full:https://registry.npmjs.org/@esbuild%2fopenbsd-x64 set size:undefined disposed:false
511 silly fetch manifest @esbuild/darwin-arm64@0.27.0
512 silly packumentCache full:https://registry.npmjs.org/@esbuild%2fdarwin-arm64 cache-miss
513 http fetch GET 200 https://registry.npmjs.org/@esbuild%2flinux-arm64 2411ms (cache miss)
514 silly packumentCache full:https://registry.npmjs.org/@esbuild%2flinux-arm64 set size:undefined disposed:false
515 silly fetch manifest @esbuild/netbsd-arm64@0.27.0
516 silly packumentCache full:https://registry.npmjs.org/@esbuild%2fnetbsd-arm64 cache-miss
517 http fetch GET 200 https://registry.npmjs.org/@esbuild%2fwin32-arm64 1297ms (cache miss)
518 silly packumentCache full:https://registry.npmjs.org/@esbuild%2fwin32-arm64 set size:undefined disposed:false
519 silly fetch manifest @esbuild/android-arm64@0.27.0
520 silly packumentCache full:https://registry.npmjs.org/@esbuild%2fandroid-arm64 cache-miss
521 http fetch GET 200 https://registry.npmjs.org/@esbuild%2fnetbsd-arm64 799ms (cache miss)
522 silly packumentCache full:https://registry.npmjs.org/@esbuild%2fnetbsd-arm64 set size:undefined disposed:false
523 silly fetch manifest @esbuild/freebsd-arm64@0.27.0
524 silly packumentCache full:https://registry.npmjs.org/@esbuild%2ffreebsd-arm64 cache-miss
525 http fetch GET 200 https://registry.npmjs.org/@esbuild%2flinux-s390x 2167ms (cache miss)
526 silly packumentCache full:https://registry.npmjs.org/@esbuild%2flinux-s390x set size:undefined disposed:false
527 silly fetch manifest @esbuild/linux-loong64@0.27.0
528 silly packumentCache full:https://registry.npmjs.org/@esbuild%2flinux-loong64 cache-miss
529 http fetch GET 200 https://registry.npmjs.org/@esbuild%2fdarwin-arm64 1239ms (cache miss)
530 silly packumentCache full:https://registry.npmjs.org/@esbuild%2fdarwin-arm64 set size:undefined disposed:false
531 silly fetch manifest @esbuild/linux-riscv64@0.27.0
532 silly packumentCache full:https://registry.npmjs.org/@esbuild%2flinux-riscv64 cache-miss
533 http fetch GET 200 https://registry.npmjs.org/@esbuild%2fandroid-arm64 1923ms (cache miss)
534 silly packumentCache full:https://registry.npmjs.org/@esbuild%2fandroid-arm64 set size:undefined disposed:false
535 silly fetch manifest @esbuild/openbsd-arm64@0.27.0
536 silly packumentCache full:https://registry.npmjs.org/@esbuild%2fopenbsd-arm64 cache-miss
537 http fetch GET 200 https://registry.npmjs.org/@esbuild%2flinux-riscv64 966ms (cache miss)
538 silly packumentCache full:https://registry.npmjs.org/@esbuild%2flinux-riscv64 set size:undefined disposed:false
539 silly fetch manifest @esbuild/linux-mips64el@0.27.0
540 silly packumentCache full:https://registry.npmjs.org/@esbuild%2flinux-mips64el cache-miss
541 http fetch GET 200 https://registry.npmjs.org/@esbuild%2flinux-x64 8644ms (cache miss)
542 silly packumentCache full:https://registry.npmjs.org/@esbuild%2flinux-x64 set size:undefined disposed:false
543 silly fetch manifest @esbuild/openharmony-arm64@0.27.0
544 silly packumentCache full:https://registry.npmjs.org/@esbuild%2fopenharmony-arm64 cache-miss
545 http fetch GET 200 https://registry.npmjs.org/@esbuild%2fopenbsd-arm64 349ms (cache miss)
546 silly packumentCache full:https://registry.npmjs.org/@esbuild%2fopenbsd-arm64 set size:undefined disposed:false
547 silly fetch manifest hasown@^2.0.4
548 silly packumentCache full:https://registry.npmjs.org/hasown cache-miss
549 http fetch GET 200 https://registry.npmjs.org/@esbuild%2flinux-loong64 1792ms (cache miss)
550 silly packumentCache full:https://registry.npmjs.org/@esbuild%2flinux-loong64 set size:undefined disposed:false
551 silly fetch manifest asynckit@^0.4.0
552 silly packumentCache full:https://registry.npmjs.org/asynckit cache-miss
553 http fetch GET 200 https://registry.npmjs.org/@esbuild%2ffreebsd-arm64 1859ms (cache miss)
554 silly packumentCache full:https://registry.npmjs.org/@esbuild%2ffreebsd-arm64 set size:undefined disposed:false
555 silly fetch manifest mime-types@^2.1.35
556 silly packumentCache full:https://registry.npmjs.org/mime-types cache-miss
557 http cache https://registry.npmjs.org/mime-types 5ms (cache hit)
558 silly packumentCache full:https://registry.npmjs.org/mime-types set size:139110 disposed:false
559 silly fetch manifest combined-stream@^1.0.8
560 silly packumentCache full:https://registry.npmjs.org/combined-stream cache-miss
561 http fetch GET 200 https://registry.npmjs.org/hasown 307ms (cache miss)
562 silly packumentCache full:https://registry.npmjs.org/hasown set size:undefined disposed:false
563 silly fetch manifest es-set-tostringtag@^2.1.0
564 silly packumentCache full:https://registry.npmjs.org/es-set-tostringtag cache-miss
565 http fetch GET 200 https://registry.npmjs.org/combined-stream 446ms (cache miss)
566 silly packumentCache full:https://registry.npmjs.org/combined-stream set size:undefined disposed:false
567 silly fetch manifest debug@^4.3.4
568 silly packumentCache full:https://registry.npmjs.org/debug cache-miss
569 http cache https://registry.npmjs.org/debug 3ms (cache hit)
570 silly packumentCache full:https://registry.npmjs.org/debug set size:195840 disposed:false
571 silly fetch manifest lru-cache@^7.14.1
572 silly packumentCache full:https://registry.npmjs.org/lru-cache cache-miss
573 http fetch GET 200 https://registry.npmjs.org/asynckit 551ms (cache miss)
574 silly packumentCache full:https://registry.npmjs.org/asynckit set size:undefined disposed:false
575 silly fetch manifest agent-base@^7.0.2
576 silly packumentCache full:https://registry.npmjs.org/agent-base cache-miss
577 http fetch GET 200 https://registry.npmjs.org/es-set-tostringtag 661ms (cache miss)
578 silly packumentCache full:https://registry.npmjs.org/es-set-tostringtag set size:undefined disposed:false
579 silly fetch manifest proxy-from-env@^1.1.0
580 silly packumentCache full:https://registry.npmjs.org/proxy-from-env cache-miss
581 http fetch GET 200 https://registry.npmjs.org/@esbuild%2flinux-mips64el 1313ms (cache miss)
582 silly packumentCache full:https://registry.npmjs.org/@esbuild%2flinux-mips64el set size:undefined disposed:false
583 silly fetch manifest pac-proxy-agent@^7.0.1
584 silly packumentCache full:https://registry.npmjs.org/pac-proxy-agent cache-miss
585 http fetch GET 200 https://registry.npmjs.org/@esbuild%2fopenharmony-arm64 1133ms (cache miss)
586 silly packumentCache full:https://registry.npmjs.org/@esbuild%2fopenharmony-arm64 set size:undefined disposed:false
587 silly fetch manifest http-proxy-agent@^7.0.1
588 silly packumentCache full:https://registry.npmjs.org/http-proxy-agent cache-miss
589 http fetch GET 200 https://registry.npmjs.org/agent-base 573ms (cache miss)
590 silly packumentCache full:https://registry.npmjs.org/agent-base set size:undefined disposed:false
591 silly fetch manifest https-proxy-agent@^7.0.3
592 silly packumentCache full:https://registry.npmjs.org/https-proxy-agent cache-miss
593 http fetch GET 200 https://registry.npmjs.org/proxy-from-env 291ms (cache miss)
594 silly packumentCache full:https://registry.npmjs.org/proxy-from-env set size:undefined disposed:false
595 silly fetch manifest socks-proxy-agent@^8.0.2
596 silly packumentCache full:https://registry.npmjs.org/socks-proxy-agent cache-miss
597 http fetch GET 200 https://registry.npmjs.org/pac-proxy-agent 706ms (cache miss)
598 silly packumentCache full:https://registry.npmjs.org/pac-proxy-agent set size:undefined disposed:false
599 silly fetch manifest zod@^4.1.1
600 silly packumentCache full:https://registry.npmjs.org/zod cache-miss
601 http cache https://registry.npmjs.org/zod 10ms (cache hit)
602 silly packumentCache full:https://registry.npmjs.org/zod set size:3552562 disposed:false
603 silly fetch manifest debug@^4.4.1
604 silly packumentCache full:https://registry.npmjs.org/debug cache-hit
605 silly fetch manifest async-retry@1.3.3
606 silly packumentCache full:https://registry.npmjs.org/async-retry cache-miss
607 http cache https://registry.npmjs.org/async-retry 4ms (cache hit)
608 silly packumentCache full:https://registry.npmjs.org/async-retry set size:51916 disposed:false
609 silly fetch manifest @vercel/sandbox@2.1.1
610 silly packumentCache full:https://registry.npmjs.org/@vercel%2fsandbox cache-miss
611 http fetch GET 200 https://registry.npmjs.org/socks-proxy-agent 772ms (cache miss)
612 silly packumentCache full:https://registry.npmjs.org/socks-proxy-agent set size:undefined disposed:false
613 http fetch GET 200 https://registry.npmjs.org/https-proxy-agent 1264ms (cache miss)
614 silly packumentCache full:https://registry.npmjs.org/https-proxy-agent set size:undefined disposed:false
615 http fetch GET 200 https://registry.npmjs.org/@vercel%2fsandbox 969ms (cache miss)
616 silly packumentCache full:https://registry.npmjs.org/@vercel%2fsandbox set size:undefined disposed:false
617 http fetch GET 200 https://registry.npmjs.org/lru-cache 2463ms (cache miss)
618 silly packumentCache full:https://registry.npmjs.org/lru-cache set size:undefined disposed:false
619 http fetch GET 200 https://registry.npmjs.org/http-proxy-agent 4547ms (cache miss)
620 silly packumentCache full:https://registry.npmjs.org/http-proxy-agent set size:undefined disposed:false
621 http fetch GET 200 https://registry.npmjs.org/typescript 26309ms (cache miss)
622 silly packumentCache full:https://registry.npmjs.org/typescript set size:undefined disposed:false
623 http fetch GET 200 https://registry.npmjs.org/@types%2fnode 28109ms (cache miss)
624 silly packumentCache full:https://registry.npmjs.org/@types%2fnode set size:undefined disposed:false
625 silly placeDep ROOT @vercel/nft@1.10.0 OK for: @vercel/backends@0.8.14 want: 1.10.0
626 silly placeDep ROOT execa@3.2.0 OK for: @vercel/backends@0.8.14 want: 3.2.0
627 silly placeDep ROOT fs-extra@11.1.0 OK for: @vercel/backends@0.8.14 want: 11.1.0
628 silly placeDep ROOT get-port@5.1.1 OK for: @vercel/backends@0.8.14 want: 5.1.1
629 silly placeDep ROOT oxc-transform@0.111.0 OK for: @vercel/backends@0.8.14 want: 0.111.0
630 silly placeDep ROOT path-to-regexp@8.3.0 OK for: @vercel/backends@0.8.14 want: 8.3.0
631 silly placeDep ROOT resolve.exports@2.0.3 OK for: @vercel/backends@0.8.14 want: 2.0.3
632 silly placeDep ROOT rolldown@1.0.0-rc.1 OK for: @vercel/backends@0.8.14 want: 1.0.0-rc.1
633 silly placeDep ROOT srvx@0.8.9 OK for: @vercel/backends@0.8.14 want: 0.8.9
634 silly placeDep ROOT tsx@4.21.0 OK for: @vercel/backends@0.8.14 want: 4.21.0
635 silly placeDep node_modules/@vercel/backends zod@3.22.4 OK for: @vercel/backends@0.8.14 want: 3.22.4
636 silly fetch manifest glob@^13.0.0
637 silly packumentCache full:https://registry.npmjs.org/glob cache-miss
638 silly fetch manifest acorn@^8.6.0
639 silly packumentCache full:https://registry.npmjs.org/acorn cache-miss
640 silly fetch manifest bindings@^1.4.0
641 silly packumentCache full:https://registry.npmjs.org/bindings cache-miss
642 silly fetch manifest picomatch@^4.0.2
643 silly packumentCache full:https://registry.npmjs.org/picomatch cache-miss
644 silly fetch manifest async-sema@^3.1.1
645 silly packumentCache full:https://registry.npmjs.org/async-sema cache-miss
646 silly fetch manifest graceful-fs@^4.2.9
647 silly packumentCache full:https://registry.npmjs.org/graceful-fs cache-miss
648 silly fetch manifest resolve-from@^5.0.0
649 silly packumentCache full:https://registry.npmjs.org/resolve-from cache-miss
650 http fetch GET 200 https://registry.npmjs.org/resolve-from 287ms (cache miss)
651 silly packumentCache full:https://registry.npmjs.org/resolve-from set size:undefined disposed:false
652 silly fetch manifest estree-walker@2.0.2
653 silly packumentCache full:https://registry.npmjs.org/estree-walker cache-miss
654 http fetch GET 200 https://registry.npmjs.org/bindings 612ms (cache miss)
655 silly packumentCache full:https://registry.npmjs.org/bindings set size:undefined disposed:false
656 silly fetch manifest node-gyp-build@^4.2.2
657 silly packumentCache full:https://registry.npmjs.org/node-gyp-build cache-miss
658 http fetch GET 200 https://registry.npmjs.org/estree-walker 1099ms (cache miss)
659 silly packumentCache full:https://registry.npmjs.org/estree-walker set size:undefined disposed:false
660 silly fetch manifest @rollup/pluginutils@^5.1.3
661 silly packumentCache full:https://registry.npmjs.org/@rollup%2fpluginutils cache-miss
662 http fetch GET 200 https://registry.npmjs.org/node-gyp-build 788ms (cache miss)
663 silly packumentCache full:https://registry.npmjs.org/node-gyp-build set size:undefined disposed:false
664 silly fetch manifest @mapbox/node-pre-gyp@^2.0.0
665 silly packumentCache full:https://registry.npmjs.org/@mapbox%2fnode-pre-gyp cache-miss
666 http fetch GET 200 https://registry.npmjs.org/picomatch 1600ms (cache miss)
667 silly packumentCache full:https://registry.npmjs.org/picomatch set size:undefined disposed:false
668 silly fetch manifest acorn-import-attributes@^1.9.5
669 silly packumentCache full:https://registry.npmjs.org/acorn-import-attributes cache-miss
670 http fetch GET 200 https://registry.npmjs.org/graceful-fs 1605ms (cache miss)
671 silly packumentCache full:https://registry.npmjs.org/graceful-fs set size:undefined disposed:false
672 silly fetch manifest onetime@^5.1.0
673 silly packumentCache full:https://registry.npmjs.org/onetime cache-miss
674 http fetch GET 200 https://registry.npmjs.org/acorn 1900ms (cache miss)
675 silly packumentCache full:https://registry.npmjs.org/acorn set size:undefined disposed:false
676 silly fetch manifest is-stream@^2.0.0
677 silly packumentCache full:https://registry.npmjs.org/is-stream cache-miss
678 http fetch GET 200 https://registry.npmjs.org/onetime 329ms (cache miss)
679 silly packumentCache full:https://registry.npmjs.org/onetime set size:undefined disposed:false
680 silly fetch manifest p-finally@^2.0.0
681 silly packumentCache full:https://registry.npmjs.org/p-finally cache-miss
682 http fetch GET 200 https://registry.npmjs.org/@mapbox%2fnode-pre-gyp 545ms (cache miss)
683 silly packumentCache full:https://registry.npmjs.org/@mapbox%2fnode-pre-gyp set size:undefined disposed:false
684 silly fetch manifest get-stream@^5.0.0
685 silly packumentCache full:https://registry.npmjs.org/get-stream cache-miss
686 http fetch GET 200 https://registry.npmjs.org/glob 2106ms (cache miss)
687 silly packumentCache full:https://registry.npmjs.org/glob set size:undefined disposed:false
688 silly fetch manifest cross-spawn@^7.0.0
689 silly packumentCache full:https://registry.npmjs.org/cross-spawn cache-miss
690 http fetch GET 200 https://registry.npmjs.org/@rollup%2fpluginutils 743ms (cache miss)
691 silly packumentCache full:https://registry.npmjs.org/@rollup%2fpluginutils set size:undefined disposed:false
692 silly fetch manifest signal-exit@^3.0.2
693 silly packumentCache full:https://registry.npmjs.org/signal-exit cache-miss
694 http fetch GET 200 https://registry.npmjs.org/acorn-import-attributes 562ms (cache miss)
695 silly packumentCache full:https://registry.npmjs.org/acorn-import-attributes set size:undefined disposed:false
696 silly fetch manifest merge-stream@^2.0.0
697 silly packumentCache full:https://registry.npmjs.org/merge-stream cache-miss
698 http fetch GET 200 https://registry.npmjs.org/p-finally 270ms (cache miss)
699 silly packumentCache full:https://registry.npmjs.org/p-finally set size:undefined disposed:false
700 silly fetch manifest npm-run-path@^4.0.0
701 silly packumentCache full:https://registry.npmjs.org/npm-run-path cache-miss
702 http fetch GET 200 https://registry.npmjs.org/is-stream 330ms (cache miss)
703 silly packumentCache full:https://registry.npmjs.org/is-stream set size:undefined disposed:false
704 silly fetch manifest human-signals@^1.1.1
705 silly packumentCache full:https://registry.npmjs.org/human-signals cache-miss
706 http fetch GET 200 https://registry.npmjs.org/get-stream 522ms (cache miss)
707 silly packumentCache full:https://registry.npmjs.org/get-stream set size:undefined disposed:false
708 silly fetch manifest strip-final-newline@^2.0.0
709 silly packumentCache full:https://registry.npmjs.org/strip-final-newline cache-miss
710 http fetch GET 200 https://registry.npmjs.org/merge-stream 349ms (cache miss)
711 silly packumentCache full:https://registry.npmjs.org/merge-stream set size:undefined disposed:false
712 silly fetch manifest jsonfile@^6.0.1
713 silly packumentCache full:https://registry.npmjs.org/jsonfile cache-miss
714 http fetch GET 200 https://registry.npmjs.org/npm-run-path 621ms (cache miss)
715 silly packumentCache full:https://registry.npmjs.org/npm-run-path set size:undefined disposed:false
716 silly fetch manifest graceful-fs@^4.2.0
717 silly packumentCache full:https://registry.npmjs.org/graceful-fs cache-miss
718 http cache https://registry.npmjs.org/graceful-fs 5ms (cache hit)
719 silly packumentCache full:https://registry.npmjs.org/graceful-fs set size:124285 disposed:false
720 silly fetch manifest universalify@^2.0.0
721 silly packumentCache full:https://registry.npmjs.org/universalify cache-miss
722 http fetch GET 200 https://registry.npmjs.org/signal-exit 743ms (cache miss)
723 silly packumentCache full:https://registry.npmjs.org/signal-exit set size:undefined disposed:false
724 silly fetch manifest @oxc-transform/binding-darwin-x64@0.111.0
725 silly packumentCache full:https://registry.npmjs.org/@oxc-transform%2fbinding-darwin-x64 cache-miss
726 http fetch GET 200 https://registry.npmjs.org/human-signals 650ms (cache miss)
727 silly packumentCache full:https://registry.npmjs.org/human-signals set size:undefined disposed:false
728 silly fetch manifest @oxc-transform/binding-freebsd-x64@0.111.0
729 silly packumentCache full:https://registry.npmjs.org/@oxc-transform%2fbinding-freebsd-x64 cache-miss
730 http fetch GET 200 https://registry.npmjs.org/cross-spawn 779ms (cache miss)
731 silly packumentCache full:https://registry.npmjs.org/cross-spawn set size:undefined disposed:false
732 silly fetch manifest @oxc-transform/binding-wasm32-wasi@0.111.0
733 silly packumentCache full:https://registry.npmjs.org/@oxc-transform%2fbinding-wasm32-wasi cache-miss
734 http fetch GET 200 https://registry.npmjs.org/universalify 311ms (cache miss)
735 silly packumentCache full:https://registry.npmjs.org/universalify set size:undefined disposed:false
736 silly fetch manifest @oxc-transform/binding-darwin-arm64@0.111.0
737 silly packumentCache full:https://registry.npmjs.org/@oxc-transform%2fbinding-darwin-arm64 cache-miss
738 http fetch GET 200 https://registry.npmjs.org/strip-final-newline 1045ms (cache miss)
739 silly packumentCache full:https://registry.npmjs.org/strip-final-newline set size:undefined disposed:false
740 silly fetch manifest @oxc-transform/binding-android-arm64@0.111.0
741 silly packumentCache full:https://registry.npmjs.org/@oxc-transform%2fbinding-android-arm64 cache-miss
742 http fetch GET 200 https://registry.npmjs.org/jsonfile 1007ms (cache miss)
743 silly packumentCache full:https://registry.npmjs.org/jsonfile set size:undefined disposed:false
744 silly fetch manifest @oxc-transform/binding-linux-x64-gnu@0.111.0
745 silly packumentCache full:https://registry.npmjs.org/@oxc-transform%2fbinding-linux-x64-gnu cache-miss
746 http fetch GET 200 https://registry.npmjs.org/@oxc-transform%2fbinding-wasm32-wasi 937ms (cache miss)
747 silly packumentCache full:https://registry.npmjs.org/@oxc-transform%2fbinding-wasm32-wasi set size:undefined disposed:false
748 silly fetch manifest @oxc-transform/binding-linux-x64-musl@0.111.0
749 silly packumentCache full:https://registry.npmjs.org/@oxc-transform%2fbinding-linux-x64-musl cache-miss
750 http fetch GET 200 https://registry.npmjs.org/@oxc-transform%2fbinding-darwin-x64 1152ms (cache miss)
751 silly packumentCache full:https://registry.npmjs.org/@oxc-transform%2fbinding-darwin-x64 set size:undefined disposed:false
752 silly fetch manifest @oxc-transform/binding-win32-x64-msvc@0.111.0
753 silly packumentCache full:https://registry.npmjs.org/@oxc-transform%2fbinding-win32-x64-msvc cache-miss
754 http fetch GET 200 https://registry.npmjs.org/@oxc-transform%2fbinding-freebsd-x64 1408ms (cache miss)
755 silly packumentCache full:https://registry.npmjs.org/@oxc-transform%2fbinding-freebsd-x64 set size:undefined disposed:false
756 silly fetch manifest @oxc-transform/binding-linux-arm64-gnu@0.111.0
757 silly packumentCache full:https://registry.npmjs.org/@oxc-transform%2fbinding-linux-arm64-gnu cache-miss
758 http fetch GET 200 https://registry.npmjs.org/@oxc-transform%2fbinding-android-arm64 848ms (cache miss)
759 silly packumentCache full:https://registry.npmjs.org/@oxc-transform%2fbinding-android-arm64 set size:undefined disposed:false
760 silly fetch manifest @oxc-transform/binding-linux-ppc64-gnu@0.111.0
761 silly packumentCache full:https://registry.npmjs.org/@oxc-transform%2fbinding-linux-ppc64-gnu cache-miss
762 http fetch GET 200 https://registry.npmjs.org/async-sema 4502ms (cache miss)
763 silly packumentCache full:https://registry.npmjs.org/async-sema set size:undefined disposed:false
764 silly fetch manifest @oxc-transform/binding-linux-s390x-gnu@0.111.0
765 silly packumentCache full:https://registry.npmjs.org/@oxc-transform%2fbinding-linux-s390x-gnu cache-miss
766 http fetch GET 200 https://registry.npmjs.org/@oxc-transform%2fbinding-linux-x64-gnu 1328ms (cache miss)
767 silly packumentCache full:https://registry.npmjs.org/@oxc-transform%2fbinding-linux-x64-gnu set size:undefined disposed:false
768 silly fetch manifest @oxc-transform/binding-win32-ia32-msvc@0.111.0
769 silly packumentCache full:https://registry.npmjs.org/@oxc-transform%2fbinding-win32-ia32-msvc cache-miss
770 http fetch GET 200 https://registry.npmjs.org/@oxc-transform%2fbinding-darwin-arm64 1785ms (cache miss)
771 silly packumentCache full:https://registry.npmjs.org/@oxc-transform%2fbinding-darwin-arm64 set size:undefined disposed:false
772 silly fetch manifest @oxc-transform/binding-android-arm-eabi@0.111.0
773 silly packumentCache full:https://registry.npmjs.org/@oxc-transform%2fbinding-android-arm-eabi cache-miss
774 http fetch GET 200 https://registry.npmjs.org/@oxc-transform%2fbinding-linux-ppc64-gnu 580ms (cache miss)
775 silly packumentCache full:https://registry.npmjs.org/@oxc-transform%2fbinding-linux-ppc64-gnu set size:undefined disposed:false
776 silly fetch manifest @oxc-transform/binding-linux-arm64-musl@0.111.0
777 silly packumentCache full:https://registry.npmjs.org/@oxc-transform%2fbinding-linux-arm64-musl cache-miss
778 http fetch GET 200 https://registry.npmjs.org/@oxc-transform%2fbinding-linux-x64-musl 1246ms (cache miss)
779 silly packumentCache full:https://registry.npmjs.org/@oxc-transform%2fbinding-linux-x64-musl set size:undefined disposed:false
780 silly fetch manifest @oxc-transform/binding-win32-arm64-msvc@0.111.0
781 silly packumentCache full:https://registry.npmjs.org/@oxc-transform%2fbinding-win32-arm64-msvc cache-miss
782 http fetch GET 200 https://registry.npmjs.org/@oxc-transform%2fbinding-win32-ia32-msvc 478ms (cache miss)
783 silly packumentCache full:https://registry.npmjs.org/@oxc-transform%2fbinding-win32-ia32-msvc set size:undefined disposed:false
784 silly fetch manifest @oxc-transform/binding-linux-riscv64-gnu@0.111.0
785 silly packumentCache full:https://registry.npmjs.org/@oxc-transform%2fbinding-linux-riscv64-gnu cache-miss
786 http fetch GET 200 https://registry.npmjs.org/@oxc-transform%2fbinding-linux-arm64-gnu 1316ms (cache miss)
787 silly packumentCache full:https://registry.npmjs.org/@oxc-transform%2fbinding-linux-arm64-gnu set size:undefined disposed:false
788 silly fetch manifest @oxc-transform/binding-openharmony-arm64@0.111.0
789 silly packumentCache full:https://registry.npmjs.org/@oxc-transform%2fbinding-openharmony-arm64 cache-miss
790 http fetch GET 200 https://registry.npmjs.org/@oxc-transform%2fbinding-android-arm-eabi 678ms (cache miss)
791 silly packumentCache full:https://registry.npmjs.org/@oxc-transform%2fbinding-android-arm-eabi set size:undefined disposed:false
792 silly fetch manifest @oxc-transform/binding-linux-riscv64-musl@0.111.0
793 silly packumentCache full:https://registry.npmjs.org/@oxc-transform%2fbinding-linux-riscv64-musl cache-miss
794 http fetch GET 200 https://registry.npmjs.org/@oxc-transform%2fbinding-win32-x64-msvc 1639ms (cache miss)
795 silly packumentCache full:https://registry.npmjs.org/@oxc-transform%2fbinding-win32-x64-msvc set size:undefined disposed:false
796 silly fetch manifest @oxc-transform/binding-linux-arm-gnueabihf@0.111.0
797 silly packumentCache full:https://registry.npmjs.org/@oxc-transform%2fbinding-linux-arm-gnueabihf cache-miss
798 http fetch GET 200 https://registry.npmjs.org/@oxc-transform%2fbinding-linux-riscv64-gnu 646ms (cache miss)
799 silly packumentCache full:https://registry.npmjs.org/@oxc-transform%2fbinding-linux-riscv64-gnu set size:undefined disposed:false
800 silly fetch manifest @oxc-transform/binding-linux-arm-musleabihf@0.111.0
801 silly packumentCache full:https://registry.npmjs.org/@oxc-transform%2fbinding-linux-arm-musleabihf cache-miss
802 http fetch GET 200 https://registry.npmjs.org/@oxc-transform%2fbinding-win32-arm64-msvc 1179ms (cache miss)
803 silly packumentCache full:https://registry.npmjs.org/@oxc-transform%2fbinding-win32-arm64-msvc set size:undefined disposed:false
804 silly fetch manifest @oxc-project/types@=0.110.0
805 silly packumentCache full:https://registry.npmjs.org/@oxc-project%2ftypes cache-miss
806 http fetch GET 200 https://registry.npmjs.org/@oxc-transform%2fbinding-openharmony-arm64 737ms (cache miss)
807 silly packumentCache full:https://registry.npmjs.org/@oxc-transform%2fbinding-openharmony-arm64 set size:undefined disposed:false
808 silly fetch manifest @rolldown/pluginutils@1.0.0-rc.1
809 silly packumentCache full:https://registry.npmjs.org/@rolldown%2fpluginutils cache-miss
810 http fetch GET 200 https://registry.npmjs.org/@oxc-transform%2fbinding-linux-arm-gnueabihf 843ms (cache miss)
811 silly packumentCache full:https://registry.npmjs.org/@oxc-transform%2fbinding-linux-arm-gnueabihf set size:undefined disposed:false
812 silly fetch manifest @rolldown/binding-darwin-x64@1.0.0-rc.1
813 silly packumentCache full:https://registry.npmjs.org/@rolldown%2fbinding-darwin-x64 cache-miss
814 http fetch GET 200 https://registry.npmjs.org/@oxc-transform%2fbinding-linux-arm-musleabihf 743ms (cache miss)
815 silly packumentCache full:https://registry.npmjs.org/@oxc-transform%2fbinding-linux-arm-musleabihf set size:undefined disposed:false
816 silly fetch manifest @rolldown/binding-freebsd-x64@1.0.0-rc.1
817 silly packumentCache full:https://registry.npmjs.org/@rolldown%2fbinding-freebsd-x64 cache-miss
818 http fetch GET 200 https://registry.npmjs.org/@oxc-transform%2fbinding-linux-arm64-musl 1799ms (cache miss)
819 silly packumentCache full:https://registry.npmjs.org/@oxc-transform%2fbinding-linux-arm64-musl set size:undefined disposed:false
820 silly fetch manifest @rolldown/binding-wasm32-wasi@1.0.0-rc.1
821 silly packumentCache full:https://registry.npmjs.org/@rolldown%2fbinding-wasm32-wasi cache-miss
822 http fetch GET 200 https://registry.npmjs.org/@oxc-transform%2fbinding-linux-riscv64-musl 1145ms (cache miss)
823 silly packumentCache full:https://registry.npmjs.org/@oxc-transform%2fbinding-linux-riscv64-musl set size:undefined disposed:false
824 silly fetch manifest @rolldown/binding-darwin-arm64@1.0.0-rc.1
825 silly packumentCache full:https://registry.npmjs.org/@rolldown%2fbinding-darwin-arm64 cache-miss
826 http fetch GET 200 https://registry.npmjs.org/@oxc-project%2ftypes 1511ms (cache miss)
827 silly packumentCache full:https://registry.npmjs.org/@oxc-project%2ftypes set size:undefined disposed:false
828 silly fetch manifest @rolldown/binding-android-arm64@1.0.0-rc.1
829 silly packumentCache full:https://registry.npmjs.org/@rolldown%2fbinding-android-arm64 cache-miss
830 http fetch GET 200 https://registry.npmjs.org/@oxc-transform%2fbinding-linux-s390x-gnu 4115ms (cache miss)
831 silly packumentCache full:https://registry.npmjs.org/@oxc-transform%2fbinding-linux-s390x-gnu set size:undefined disposed:false
832 silly fetch manifest @rolldown/binding-linux-x64-gnu@1.0.0-rc.1
833 silly packumentCache full:https://registry.npmjs.org/@rolldown%2fbinding-linux-x64-gnu cache-miss
834 http fetch GET 200 https://registry.npmjs.org/@rolldown%2fbinding-android-arm64 1097ms (cache miss)
835 silly packumentCache full:https://registry.npmjs.org/@rolldown%2fbinding-android-arm64 set size:undefined disposed:false
836 silly fetch manifest @rolldown/binding-linux-x64-musl@1.0.0-rc.1
837 silly packumentCache full:https://registry.npmjs.org/@rolldown%2fbinding-linux-x64-musl cache-miss
838 http fetch GET 200 https://registry.npmjs.org/@rolldown%2fbinding-darwin-x64 3395ms (cache miss)
839 silly packumentCache full:https://registry.npmjs.org/@rolldown%2fbinding-darwin-x64 set size:undefined disposed:false
840 silly fetch manifest @rolldown/binding-win32-x64-msvc@1.0.0-rc.1
841 silly packumentCache full:https://registry.npmjs.org/@rolldown%2fbinding-win32-x64-msvc cache-miss
842 http fetch GET 200 https://registry.npmjs.org/@rolldown%2fbinding-freebsd-x64 3489ms (cache miss)
843 silly packumentCache full:https://registry.npmjs.org/@rolldown%2fbinding-freebsd-x64 set size:undefined disposed:false
844 silly fetch manifest @rolldown/binding-linux-arm64-gnu@1.0.0-rc.1
845 silly packumentCache full:https://registry.npmjs.org/@rolldown%2fbinding-linux-arm64-gnu cache-miss
846 http fetch GET 200 https://registry.npmjs.org/@rolldown%2fpluginutils 4171ms (cache miss)
847 silly packumentCache full:https://registry.npmjs.org/@rolldown%2fpluginutils set size:undefined disposed:false
848 silly fetch manifest @rolldown/binding-linux-arm64-musl@1.0.0-rc.1
849 silly packumentCache full:https://registry.npmjs.org/@rolldown%2fbinding-linux-arm64-musl cache-miss
850 http fetch GET 200 https://registry.npmjs.org/@rolldown%2fbinding-darwin-arm64 4043ms (cache miss)
851 silly packumentCache full:https://registry.npmjs.org/@rolldown%2fbinding-darwin-arm64 set size:undefined disposed:false
852 silly fetch manifest @rolldown/binding-win32-arm64-msvc@1.0.0-rc.1
853 silly packumentCache full:https://registry.npmjs.org/@rolldown%2fbinding-win32-arm64-msvc cache-miss
854 http fetch GET 200 https://registry.npmjs.org/@rolldown%2fbinding-wasm32-wasi 4502ms (cache miss)
855 silly packumentCache full:https://registry.npmjs.org/@rolldown%2fbinding-wasm32-wasi set size:undefined disposed:false
856 silly fetch manifest @rolldown/binding-openharmony-arm64@1.0.0-rc.1
857 silly packumentCache full:https://registry.npmjs.org/@rolldown%2fbinding-openharmony-arm64 cache-miss
858 http fetch GET 200 https://registry.npmjs.org/@rolldown%2fbinding-openharmony-arm64 711ms (cache miss)
859 silly packumentCache full:https://registry.npmjs.org/@rolldown%2fbinding-openharmony-arm64 set size:undefined disposed:false
860 silly fetch manifest @rolldown/binding-linux-arm-gnueabihf@1.0.0-rc.1
861 silly packumentCache full:https://registry.npmjs.org/@rolldown%2fbinding-linux-arm-gnueabihf cache-miss
862 http fetch GET 200 https://registry.npmjs.org/@rolldown%2fbinding-win32-x64-msvc 3515ms (cache miss)
863 silly packumentCache full:https://registry.npmjs.org/@rolldown%2fbinding-win32-x64-msvc set size:undefined disposed:false
864 silly fetch manifest cookie-es@^2.0.0
865 silly packumentCache full:https://registry.npmjs.org/cookie-es cache-miss
866 http fetch GET 200 https://registry.npmjs.org/@rolldown%2fbinding-linux-x64-musl 4740ms (cache miss)
867 silly packumentCache full:https://registry.npmjs.org/@rolldown%2fbinding-linux-x64-musl set size:undefined disposed:false
868 silly fetch manifest get-tsconfig@^4.7.5
869 silly packumentCache full:https://registry.npmjs.org/get-tsconfig cache-miss
870 http fetch GET 200 https://registry.npmjs.org/cookie-es 455ms (cache miss)
871 silly packumentCache full:https://registry.npmjs.org/cookie-es set size:undefined disposed:false
872 silly fetch manifest fsevents@~2.3.3
873 silly packumentCache full:https://registry.npmjs.org/fsevents cache-miss
874 http fetch GET 200 https://registry.npmjs.org/@rolldown%2fbinding-win32-arm64-msvc 3833ms (cache miss)
875 silly packumentCache full:https://registry.npmjs.org/@rolldown%2fbinding-win32-arm64-msvc set size:undefined disposed:false
876 http fetch GET 200 https://registry.npmjs.org/@rolldown%2fbinding-linux-arm64-gnu 4667ms (cache miss)
877 silly packumentCache full:https://registry.npmjs.org/@rolldown%2fbinding-linux-arm64-gnu set size:undefined disposed:false
878 http fetch GET 200 https://registry.npmjs.org/@rolldown%2fbinding-linux-arm64-musl 4371ms (cache miss)
879 silly packumentCache full:https://registry.npmjs.org/@rolldown%2fbinding-linux-arm64-musl set size:undefined disposed:false
880 http fetch GET 200 https://registry.npmjs.org/fsevents 1187ms (cache miss)
881 silly packumentCache full:https://registry.npmjs.org/fsevents set size:undefined disposed:false
882 http fetch GET 200 https://registry.npmjs.org/get-tsconfig 1719ms (cache miss)
883 silly packumentCache full:https://registry.npmjs.org/get-tsconfig set size:undefined disposed:false
884 http fetch GET 200 https://registry.npmjs.org/@rolldown%2fbinding-linux-arm-gnueabihf 5580ms (cache miss)
885 silly packumentCache full:https://registry.npmjs.org/@rolldown%2fbinding-linux-arm-gnueabihf set size:undefined disposed:false
